C:\DOCUMENTS AND SETTINGS\JIM BOB\MY DOCUMENTS\DOWNLOADS\WALKING_SIMULATION\WALKING_SIMULATION\SIMANN\RELEASE\ASSIGNS.OBJ
C:\DOCUMENTS AND SETTINGS\JIM BOB\MY DOCUMENTS\DOWNLOADS\WALKING_SIMULATION\WALKING_SIMULATION\SIMANN\RELEASE\BIMODALPATTERN.OBJ
C:\Documents and Settings\Jim Bob\My Documents\Downloads\Walking_Simulation\Walking_Simulation\Simann\Release\cl.command.1.tlog
C:\Documents and Settings\Jim Bob\My Documents\Downloads\Walking_Simulation\Walking_Simulation\Simann\Release\CL.read.1.tlog
C:\Documents and Settings\Jim Bob\My Documents\Downloads\Walking_Simulation\Walking_Simulation\Simann\Release\CL.write.1.tlog
C:\DOCUMENTS AND SETTINGS\JIM BOB\MY DOCUMENTS\DOWNLOADS\WALKING_SIMULATION\WALKING_SIMULATION\SIMANN\RELEASE\COSTFUNC.OBJ
C:\DOCUMENTS AND SETTINGS\JIM BOB\MY DOCUMENTS\DOWNLOADS\WALKING_SIMULATION\WALKING_SIMULATION\SIMANN\RELEASE\DERIVS.OBJ
C:\DOCUMENTS AND SETTINGS\JIM BOB\MY DOCUMENTS\DOWNLOADS\WALKING_SIMULATION\WALKING_SIMULATION\SIMANN\RELEASE\EXCITATION_FUNCTIONS.OBJ
C:\DOCUMENTS AND SETTINGS\JIM BOB\MY DOCUMENTS\DOWNLOADS\WALKING_SIMULATION\WALKING_SIMULATION\SIMANN\RELEASE\FILEREADWRITE.OBJ
C:\DOCUMENTS AND SETTINGS\JIM BOB\MY DOCUMENTS\DOWNLOADS\WALKING_SIMULATION\WALKING_SIMULATION\SIMANN\RELEASE\FORMAIN.OBJ
C:\DOCUMENTS AND SETTINGS\JIM BOB\MY DOCUMENTS\DOWNLOADS\WALKING_SIMULATION\WALKING_SIMULATION\SIMANN\RELEASE\FORMAIN_GA.OBJ
C:\DOCUMENTS AND SETTINGS\JIM BOB\MY DOCUMENTS\DOWNLOADS\WALKING_SIMULATION\WALKING_SIMULATION\SIMANN\RELEASE\GA_I.OBJ
C:\DOCUMENTS AND SETTINGS\JIM BOB\MY DOCUMENTS\DOWNLOADS\WALKING_SIMULATION\WALKING_SIMULATION\SIMANN\RELEASE\GA_MAIN.OBJ
C:\DOCUMENTS AND SETTINGS\JIM BOB\MY DOCUMENTS\DOWNLOADS\WALKING_SIMULATION\WALKING_SIMULATION\SIMANN\RELEASE\GA_POP.OBJ
C:\DOCUMENTS AND SETTINGS\JIM BOB\MY DOCUMENTS\DOWNLOADS\WALKING_SIMULATION\WALKING_SIMULATION\SIMANN\RELEASE\GAUSSPATTERN.OBJ
C:\DOCUMENTS AND SETTINGS\JIM BOB\MY DOCUMENTS\DOWNLOADS\WALKING_SIMULATION\WALKING_SIMULATION\SIMANN\RELEASE\GMC.OBJ
C:\DOCUMENTS AND SETTINGS\JIM BOB\MY DOCUMENTS\DOWNLOADS\WALKING_SIMULATION\WALKING_SIMULATION\SIMANN\RELEASE\INITS.OBJ
C:\DOCUMENTS AND SETTINGS\JIM BOB\MY DOCUMENTS\DOWNLOADS\WALKING_SIMULATION\WALKING_SIMULATION\SIMANN\RELEASE\INVERT.OBJ
C:\Documents and Settings\Jim Bob\My Documents\Downloads\Walking_Simulation\Walking_Simulation\Simann\Release\link.command.1.tlog
C:\Documents and Settings\Jim Bob\My Documents\Downloads\Walking_Simulation\Walking_Simulation\Simann\Release\link.read.1.tlog
C:\Documents and Settings\Jim Bob\My Documents\Downloads\Walking_Simulation\Walking_Simulation\Simann\Release\link.write.1.tlog
C:\DOCUMENTS AND SETTINGS\JIM BOB\MY DOCUMENTS\DOWNLOADS\WALKING_SIMULATION\WALKING_SIMULATION\SIMANN\RELEASE\MATHTOOLS.OBJ
C:\DOCUMENTS AND SETTINGS\JIM BOB\MY DOCUMENTS\DOWNLOADS\WALKING_SIMULATION\WALKING_SIMULATION\SIMANN\RELEASE\MODEL_D.OBJ
C:\DOCUMENTS AND SETTINGS\JIM BOB\MY DOCUMENTS\DOWNLOADS\WALKING_SIMULATION\WALKING_SIMULATION\SIMANN\RELEASE\MODEL_S.OBJ
C:\Documents and Settings\Jim Bob\My Documents\Downloads\Walking_Simulation\Walking_Simulation\Simann\Release\mt.command.1.tlog
C:\Documents and Settings\Jim Bob\My Documents\Downloads\Walking_Simulation\Walking_Simulation\Simann\Release\mt.read.1.tlog
C:\Documents and Settings\Jim Bob\My Documents\Downloads\Walking_Simulation\Walking_Simulation\Simann\Release\mt.write.1.tlog
C:\DOCUMENTS AND SETTINGS\JIM BOB\MY DOCUMENTS\DOWNLOADS\WALKING_SIMULATION\WALKING_SIMULATION\SIMANN\RELEASE\PIPETOOLS.OBJ
C:\DOCUMENTS AND SETTINGS\JIM BOB\MY DOCUMENTS\DOWNLOADS\WALKING_SIMULATION\WALKING_SIMULATION\SIMANN\RELEASE\READMUSCLES.OBJ
C:\DOCUMENTS AND SETTINGS\JIM BOB\MY DOCUMENTS\DOWNLOADS\WALKING_SIMULATION\WALKING_SIMULATION\SIMANN\RELEASE\READTOOLS.OBJ
C:\DOCUMENTS AND SETTINGS\JIM BOB\MY DOCUMENTS\DOWNLOADS\WALKING_SIMULATION\WALKING_SIMULATION\SIMANN\RELEASE\SDFOR.OBJ
C:\DOCUMENTS AND SETTINGS\JIM BOB\MY DOCUMENTS\DOWNLOADS\WALKING_SIMULATION\WALKING_SIMULATION\SIMANN\RELEASE\SDLIB.OBJ
C:\DOCUMENTS AND SETTINGS\JIM BOB\MY DOCUMENTS\DOWNLOADS\WALKING_SIMULATION\WALKING_SIMULATION\SIMANN\RELEASE\SETEXCPATTERN_TEMPLATES.OBJ
C:\DOCUMENTS AND SETTINGS\JIM BOB\MY DOCUMENTS\DOWNLOADS\WALKING_SIMULATION\WALKING_SIMULATION\SIMANN\RELEASE\SETPARAMBOUNDS.OBJ
C:\DOCUMENTS AND SETTINGS\JIM BOB\MY DOCUMENTS\DOWNLOADS\WALKING_SIMULATION\WALKING_SIMULATION\SIMANN\RELEASE\SETSTRUCTURE.OBJ
C:\DOCUMENTS AND SETTINGS\JIM BOB\MY DOCUMENTS\DOWNLOADS\WALKING_SIMULATION\WALKING_SIMULATION\SIMANN\RELEASE\SIMANN.EXE
C:\Documents and Settings\Jim Bob\My Documents\Downloads\Walking_Simulation\Walking_Simulation\Simann\Release\Simann.exe.intermediate.manifest
C:\DOCUMENTS AND SETTINGS\JIM BOB\MY DOCUMENTS\DOWNLOADS\WALKING_SIMULATION\WALKING_SIMULATION\SIMANN\RELEASE\SIMANN.OBJ
C:\Documents and Settings\Jim Bob\My Documents\Downloads\Walking_Simulation\Walking_Simulation\Simann\Release\Simann.pdb
C:\Documents and Settings\Jim Bob\My Documents\Downloads\Walking_Simulation\Walking_Simulation\Simann\Release\Simann.write.1.tlog
C:\DOCUMENTS AND SETTINGS\JIM BOB\MY DOCUMENTS\DOWNLOADS\WALKING_SIMULATION\WALKING_SIMULATION\SIMANN\RELEASE\UPDATEPATTERN.OBJ
C:\DOCUMENTS AND SETTINGS\JIM BOB\MY DOCUMENTS\DOWNLOADS\WALKING_SIMULATION\WALKING_SIMULATION\SIMANN\RELEASE\VC100.PDB
C:\DOCUMENTS AND SETTINGS\JIM BOB\MY DOCUMENTS\DOWNLOADS\WALKING_SIMULATION\WALKING_SIMULATION\SIMANN\RELEASE\WRAPPING.OBJ
